[00:08:54.641] INFO  🔵 SQL | 0 ms | select * from `expense_dev`.`users` where 1=0
[00:08:54.654] INFO  🔵 SQL | 0 ms | select * from `expense_dev`.`category` where 1=0
[00:24:58.395] INFO  🔵 SQL | 0 ms | select * from `expense_dev`.`users` where 1=0
[00:24:58.401] INFO  🔵 SQL | 0 ms | select * from `expense_dev`.`category` where 1=0
[00:25:00.408] INFO  🔵 SQL | 0 ms | select * from `expense_dev`.`users` where 1=0
[00:25:00.411] INFO  🔵 SQL | 0 ms | select * from `expense_dev`.`category` where 1=0
[00:25:12.372] INFO  🔵 SQL | 0 ms | select * from `expense_dev`.`users` where 1=0
[00:25:12.378] INFO  🔵 SQL | 0 ms | select * from `expense_dev`.`category` where 1=0
[00:25:25.529] INFO  🔵 SQL | 0 ms | select * from `expense_dev`.`users` where 1=0
[00:25:25.533] INFO  🔵 SQL | 0 ms | select * from `expense_dev`.`category` where 1=0
[00:25:27.421] INFO  🔵 SQL | 0 ms | select * from `expense_dev`.`users` where 1=0
[00:25:27.421] INFO  🔵 SQL | 0 ms | select * from `expense_dev`.`category` where 1=0
[00:25:40.617] INFO  🔵 SQL | 0 ms | select * from `expense_dev`.`users` where 1=0
[00:25:40.624] INFO  🔵 SQL | 0 ms | select * from `expense_dev`.`category` where 1=0
[00:25:42.450] INFO  🔵 SQL | 0 ms | select * from `expense_dev`.`users` where 1=0
[00:25:42.450] INFO  🔵 SQL | 0 ms | select * from `expense_dev`.`category` where 1=0
[00:25:55.744] INFO  🔵 SQL | 0 ms | select * from `expense_dev`.`users` where 1=0
[00:25:55.752] INFO  🔵 SQL | 0 ms | select * from `expense_dev`.`category` where 1=0
[00:25:57.654] INFO  🔵 SQL | 0 ms | select * from `expense_dev`.`users` where 1=0
[00:25:57.659] INFO  🔵 SQL | 0 ms | select * from `expense_dev`.`category` where 1=0
[00:26:10.839] INFO  🔵 SQL | 0 ms | select * from `expense_dev`.`users` where 1=0
[00:26:10.843] INFO  🔵 SQL | 0 ms | select * from `expense_dev`.`category` where 1=0
[00:26:12.753] INFO  🔵 SQL | 0 ms | select * from `expense_dev`.`users` where 1=0
[00:26:12.757] INFO  🔵 SQL | 0 ms | select * from `expense_dev`.`category` where 1=0
[00:26:26.701] INFO  🔵 SQL | 0 ms | select * from `expense_dev`.`users` where 1=0
[00:26:26.709] INFO  🔵 SQL | 0 ms | select * from `expense_dev`.`category` where 1=0
[00:26:40.854] INFO  🔵 SQL | 0 ms | select * from `expense_dev`.`users` where 1=0
[00:26:40.857] INFO  🔵 SQL | 0 ms | select * from `expense_dev`.`category` where 1=0
[00:26:42.667] INFO  🔵 SQL | 0 ms | select * from `expense_dev`.`users` where 1=0
[00:26:42.672] INFO  🔵 SQL | 0 ms | select * from `expense_dev`.`category` where 1=0
[00:26:55.927] INFO  🔵 SQL | 0 ms | select * from `expense_dev`.`users` where 1=0
[00:26:55.933] INFO  🔵 SQL | 0 ms | select * from `expense_dev`.`category` where 1=0
[00:26:57.792] INFO  🔵 SQL | 0 ms | select * from `expense_dev`.`users` where 1=0
[00:26:57.794] INFO  🔵 SQL | 0 ms | select * from `expense_dev`.`category` where 1=0
[00:27:11.401] INFO  🔵 SQL | 0 ms | select * from `expense_dev`.`users` where 1=0
[00:27:11.404] INFO  🔵 SQL | 0 ms | select * from `expense_dev`.`category` where 1=0
[00:27:27.172] INFO  🔵 SQL | 0 ms | select * from `expense_dev`.`users` where 1=0
[00:27:27.172] INFO  🔵 SQL | 0 ms | select * from `expense_dev`.`category` where 1=0
[00:27:40.856] INFO  🔵 SQL | 0 ms | select * from `expense_dev`.`users` where 1=0
[00:27:40.863] INFO  🔵 SQL | 0 ms | select * from `expense_dev`.`category` where 1=0
[00:27:42.704] INFO  🔵 SQL | 0 ms | select * from `expense_dev`.`users` where 1=0
[00:27:42.704] INFO  🔵 SQL | 0 ms | select * from `expense_dev`.`category` where 1=0
[00:27:57.492] INFO  🔵 SQL | 0 ms | select * from `expense_dev`.`users` where 1=0
[00:27:57.495] INFO  🔵 SQL | 0 ms | select * from `expense_dev`.`category` where 1=0
[00:28:10.689] INFO  🔵 SQL | 0 ms | select * from `expense_dev`.`users` where 1=0
[00:28:10.701] INFO  🔵 SQL | 0 ms | select * from `expense_dev`.`category` where 1=0
[00:28:12.581] INFO  🔵 SQL | 0 ms | select * from `expense_dev`.`users` where 1=0
[00:28:12.581] INFO  🔵 SQL | 0 ms | select * from `expense_dev`.`category` where 1=0
[00:29:03.069] INFO  🔵 SQL | 2 ms | select * from `expense_dev`.`users` where 1=0
[00:29:03.076] INFO  🔵 SQL | 0 ms | select * from `expense_dev`.`category` where 1=0
[00:29:07.793] INFO  🔵 SQL | 1 ms | select u1_0.id,u1_0.created_at,u1_0.email,u1_0.income_limit,u1_0.name,u1_0.password,u1_0.role from users u1_0 where u1_0.email='test@gmail.com'
[00:29:07.809] INFO  
[00:29:07.840] INFO  ⚪ RESULTSET | 1 = '199def9b-e516-43e0-b02b-f1aad32a813e', 2 = '2025-09-23T23:05:18.946+0530', 3 = 'test@gmail.com', 4 = 20000.00, 5 = 'test', 6 = '$2a$10$pbpBn4kewHuyTDekSPkE.ulxs3ktp7PpR3x.BpdEsdR8yXeHKfaEq', 7 = 'USER'
[00:29:07.877] INFO  🔵 SQL | 1 ms | select c1_0.id,c1_0.category_name,c1_0.created_at,c1_0.user_id from category c1_0 where c1_0.user_id='199def9b-e516-43e0-b02b-f1aad32a813e'
[00:29:07.878] INFO  
[00:29:07.882] INFO  ⚪ RESULTSET | 1 = '06a0ea7e-0630-487a-be83-0470e316c5b1', 4 = '199def9b-e516-43e0-b02b-f1aad32a813e', 2 = 'check', 3 = '2025-09-23T23:37:57.610+0530'
[00:29:07.882] INFO  
[00:29:07.883] INFO  ⚪ RESULTSET | 1 = '37369cbc-e229-4c5e-939f-df825ba8399d', 4 = '199def9b-e516-43e0-b02b-f1aad32a813e', 2 = 'clothes', 3 = '2025-09-23T23:20:54.774+0530'
[00:29:07.883] INFO  
[00:29:07.883] INFO  ⚪ RESULTSET | 1 = 'c61198f1-c467-466c-bdae-8525cae2c470', 4 = '199def9b-e516-43e0-b02b-f1aad32a813e', 2 = 'dummy', 3 = '2025-09-23T23:25:02.774+0530'
[00:29:07.883] INFO  
[00:29:07.884] INFO  ⚪ RESULTSET | 1 = '2ca4be37-5633-4c72-9245-deabdd0c033d', 4 = '199def9b-e516-43e0-b02b-f1aad32a813e', 2 = 'food', 3 = '2025-09-23T23:11:24.702+0530'
[00:29:07.884] INFO  
[00:29:07.884] INFO  ⚪ RESULTSET | 1 = '930d4337-2d83-40d4-9d8b-7e870aef961c', 4 = '199def9b-e516-43e0-b02b-f1aad32a813e', 2 = 'other', 3 = '2025-09-23T23:53:06.691+0530'
[00:29:07.884] INFO  
[00:29:07.885] INFO  ⚪ RESULTSET | 1 = '227240d8-0094-47e2-9313-9e30870b478a', 4 = '199def9b-e516-43e0-b02b-f1aad32a813e', 2 = 'trip', 3 = '2025-09-23T23:13:06.368+0530'
[00:29:19.099] INFO  🔵 SQL | 0 ms | select u1_0.id,u1_0.created_at,u1_0.email,u1_0.income_limit,u1_0.name,u1_0.password,u1_0.role from users u1_0 where u1_0.email='test@gmail.com'
[00:29:19.101] INFO  
[00:29:19.101] INFO  ⚪ RESULTSET | 1 = '199def9b-e516-43e0-b02b-f1aad32a813e', 2 = '2025-09-23T23:05:18.946+0530', 3 = 'test@gmail.com', 4 = 20000.00, 5 = 'test', 6 = '$2a$10$pbpBn4kewHuyTDekSPkE.ulxs3ktp7PpR3x.BpdEsdR8yXeHKfaEq', 7 = 'USER'
[00:29:19.126] INFO  🔵 SQL | 0 ms | select c1_0.id from category c1_0 where c1_0.user_id='199def9b-e516-43e0-b02b-f1aad32a813e'
[00:29:19.126] INFO  
[00:29:19.127] INFO  ⚪ RESULTSET | 1 = '06a0ea7e-0630-487a-be83-0470e316c5b1'
[00:29:19.127] INFO  
[00:29:19.127] INFO  ⚪ RESULTSET | 1 = '37369cbc-e229-4c5e-939f-df825ba8399d'
[00:29:19.127] INFO  
[00:29:19.127] INFO  ⚪ RESULTSET | 1 = 'c61198f1-c467-466c-bdae-8525cae2c470'
[00:29:19.127] INFO  
[00:29:19.127] INFO  ⚪ RESULTSET | 1 = '2ca4be37-5633-4c72-9245-deabdd0c033d'
[00:29:19.127] INFO  
[00:29:19.127] INFO  ⚪ RESULTSET | 1 = '930d4337-2d83-40d4-9d8b-7e870aef961c'
[00:29:19.127] INFO  
[00:29:19.127] INFO  ⚪ RESULTSET | 1 = '227240d8-0094-47e2-9313-9e30870b478a'
[00:30:19.757] INFO  🔵 SQL | 0 ms | select * from `expense_dev`.`users` where 1=0
[00:30:19.762] INFO  🔵 SQL | 0 ms | select * from `expense_dev`.`category` where 1=0
[00:32:38.714] INFO  🔵 SQL | 0 ms | select * from `expense_dev`.`users` where 1=0
[00:32:38.721] INFO  🔵 SQL | 0 ms | select * from `expense_dev`.`category` where 1=0
[00:36:15.173] INFO  🔵 SQL | 0 ms | select * from `expense_dev`.`users` where 1=0
[00:36:15.181] INFO  🔵 SQL | 0 ms | select * from `expense_dev`.`category` where 1=0
[00:36:17.294] INFO  🔵 SQL | 0 ms | select * from `expense_dev`.`users` where 1=0
[00:36:17.294] INFO  🔵 SQL | 0 ms | select * from `expense_dev`.`category` where 1=0
[00:38:14.657] INFO  🔵 SQL | 2 ms | select * from `expense_dev`.`users` where 1=0
[00:38:14.668] INFO  🔵 SQL | 0 ms | select * from `expense_dev`.`category` where 1=0
[00:38:25.190] INFO  🔵 SQL | 0 ms | select u1_0.id,u1_0.created_at,u1_0.email,u1_0.income_limit,u1_0.name,u1_0.password,u1_0.role from users u1_0 where u1_0.email='test@gmail.com'
[00:38:25.203] INFO  
[00:38:25.212] INFO  ⚪ RESULTSET | 1 = '199def9b-e516-43e0-b02b-f1aad32a813e', 2 = '2025-09-23T23:05:18.946+0530', 3 = 'test@gmail.com', 4 = 20000.00, 5 = 'test', 6 = '$2a$10$pbpBn4kewHuyTDekSPkE.ulxs3ktp7PpR3x.BpdEsdR8yXeHKfaEq', 7 = 'USER'
[00:38:25.255] INFO  🔵 SQL | 0 ms | select c1_0.id from category c1_0 where c1_0.user_id='199def9b-e516-43e0-b02b-f1aad32a813e'
[00:38:25.255] INFO  
[00:38:25.255] INFO  ⚪ RESULTSET | 1 = '06a0ea7e-0630-487a-be83-0470e316c5b1'
[00:38:25.255] INFO  
[00:38:25.255] INFO  ⚪ RESULTSET | 1 = '37369cbc-e229-4c5e-939f-df825ba8399d'
[00:38:25.255] INFO  
[00:38:25.255] INFO  ⚪ RESULTSET | 1 = 'c61198f1-c467-466c-bdae-8525cae2c470'
[00:38:25.255] INFO  
[00:38:25.255] INFO  ⚪ RESULTSET | 1 = '2ca4be37-5633-4c72-9245-deabdd0c033d'
[00:38:25.256] INFO  
[00:38:25.256] INFO  ⚪ RESULTSET | 1 = '930d4337-2d83-40d4-9d8b-7e870aef961c'
[00:38:25.256] INFO  
[00:38:25.256] INFO  ⚪ RESULTSET | 1 = '227240d8-0094-47e2-9313-9e30870b478a'
[00:54:39.716] INFO  🔵 SQL | 6 ms | select * from `expense_dev`.`users` where 1=0
[00:54:39.728] INFO  🔵 SQL | 0 ms | select * from `expense_dev`.`category` where 1=0
[00:57:09.288] INFO  🔵 SQL | 2 ms | select * from `expense_dev`.`users` where 1=0
[00:57:09.293] INFO  🔵 SQL | 0 ms | select * from `expense_dev`.`category` where 1=0
[00:57:41.095] INFO  🔵 SQL | 2 ms | select * from `expense_dev`.`users` where 1=0
[00:57:41.103] INFO  🔵 SQL | 0 ms | select * from `expense_dev`.`category` where 1=0
[00:58:16.013] INFO  🔵 SQL | 0 ms | select u1_0.id,u1_0.created_at,u1_0.email,u1_0.income_limit,u1_0.name,u1_0.password,u1_0.role from users u1_0 where u1_0.email='test@gmail.com'
[00:58:16.025] INFO  
[00:58:16.034] INFO  ⚪ RESULTSET | 1 = '199def9b-e516-43e0-b02b-f1aad32a813e', 2 = '2025-09-23T23:05:18.946+0530', 3 = 'test@gmail.com', 4 = 20000.00, 5 = 'test', 6 = '$2a$10$pbpBn4kewHuyTDekSPkE.ulxs3ktp7PpR3x.BpdEsdR8yXeHKfaEq', 7 = 'USER'
[00:58:19.300] INFO  🔵 SQL | 0 ms | select u1_0.id,u1_0.created_at,u1_0.email,u1_0.income_limit,u1_0.name,u1_0.password,u1_0.role from users u1_0 where u1_0.email='test@gmail.com'
[00:58:19.300] INFO  
[00:58:19.301] INFO  ⚪ RESULTSET | 1 = '199def9b-e516-43e0-b02b-f1aad32a813e', 2 = '2025-09-23T23:05:18.946+0530', 3 = 'test@gmail.com', 4 = 20000.00, 5 = 'test', 6 = '$2a$10$pbpBn4kewHuyTDekSPkE.ulxs3ktp7PpR3x.BpdEsdR8yXeHKfaEq', 7 = 'USER'
[00:58:19.335] INFO  🔵 SQL | 0 ms | select c1_0.id from category c1_0 where c1_0.user_id='199def9b-e516-43e0-b02b-f1aad32a813e'
[00:58:19.336] INFO  
[00:58:19.336] INFO  ⚪ RESULTSET | 1 = '06a0ea7e-0630-487a-be83-0470e316c5b1'
[00:58:19.336] INFO  
[00:58:19.336] INFO  ⚪ RESULTSET | 1 = '37369cbc-e229-4c5e-939f-df825ba8399d'
[00:58:19.336] INFO  
[00:58:19.336] INFO  ⚪ RESULTSET | 1 = 'c61198f1-c467-466c-bdae-8525cae2c470'
[00:58:19.336] INFO  
[00:58:19.336] INFO  ⚪ RESULTSET | 1 = '2ca4be37-5633-4c72-9245-deabdd0c033d'
[00:58:19.336] INFO  
[00:58:19.336] INFO  ⚪ RESULTSET | 1 = '930d4337-2d83-40d4-9d8b-7e870aef961c'
[00:58:19.336] INFO  
[00:58:19.336] INFO  ⚪ RESULTSET | 1 = '227240d8-0094-47e2-9313-9e30870b478a'
[00:58:19.343] INFO  🔵 SQL | 1 ms | select e1_0.id,e1_0.amount,e1_0.category_id,e1_0.created_at,e1_0.description,e1_0.expense_date_time from expenses e1_0 where e1_0.category_id in ('06a0ea7e-0630-487a-be83-0470e316c5b1','37369cbc-e229-4c5e-939f-df825ba8399d','c61198f1-c467-466c-bdae-8525cae2c470','2ca4be37-5633-4c72-9245-deabdd0c033d','930d4337-2d83-40d4-9d8b-7e870aef961c','227240d8-0094-47e2-9313-9e30870b478a')
[01:02:16.429] INFO  🔵 SQL | 0 ms | select * from `expense_dev`.`users` where 1=0
[01:02:16.435] INFO  🔵 SQL | 0 ms | select * from `expense_dev`.`category` where 1=0
[01:04:03.156] INFO  🔵 SQL | 2 ms | select * from `expense_dev`.`users` where 1=0
[01:04:03.164] INFO  🔵 SQL | 0 ms | select * from `expense_dev`.`category` where 1=0
[01:04:08.453] INFO  🔵 SQL | 1 ms | select u1_0.id,u1_0.created_at,u1_0.email,u1_0.income_limit,u1_0.name,u1_0.password,u1_0.role from users u1_0 where u1_0.email='test@gmail.com'
[01:04:08.470] INFO  
[01:04:08.483] INFO  ⚪ RESULTSET | 1 = '199def9b-e516-43e0-b02b-f1aad32a813e', 2 = '2025-09-23T23:05:18.946+0530', 3 = 'test@gmail.com', 4 = 20000.00, 5 = 'test', 6 = '$2a$10$pbpBn4kewHuyTDekSPkE.ulxs3ktp7PpR3x.BpdEsdR8yXeHKfaEq', 7 = 'USER'
[01:04:08.536] INFO  🔵 SQL | 1 ms | select c1_0.id from category c1_0 where c1_0.user_id='199def9b-e516-43e0-b02b-f1aad32a813e'
[01:04:08.536] INFO  
[01:04:08.536] INFO  ⚪ RESULTSET | 1 = '06a0ea7e-0630-487a-be83-0470e316c5b1'
[01:04:08.536] INFO  
[01:04:08.536] INFO  ⚪ RESULTSET | 1 = '37369cbc-e229-4c5e-939f-df825ba8399d'
[01:04:08.536] INFO  
[01:04:08.536] INFO  ⚪ RESULTSET | 1 = 'c61198f1-c467-466c-bdae-8525cae2c470'
[01:04:08.536] INFO  
[01:04:08.536] INFO  ⚪ RESULTSET | 1 = '2ca4be37-5633-4c72-9245-deabdd0c033d'
[01:04:08.537] INFO  
[01:04:08.537] INFO  ⚪ RESULTSET | 1 = '930d4337-2d83-40d4-9d8b-7e870aef961c'
[01:04:08.537] INFO  
[01:04:08.537] INFO  ⚪ RESULTSET | 1 = '227240d8-0094-47e2-9313-9e30870b478a'
[01:04:08.544] INFO  🔵 SQL | 1 ms | select e1_0.id,e1_0.amount,e1_0.category_id,e1_0.created_at,e1_0.description,e1_0.expense_date_time from expenses e1_0 where e1_0.category_id in ('06a0ea7e-0630-487a-be83-0470e316c5b1','37369cbc-e229-4c5e-939f-df825ba8399d','c61198f1-c467-466c-bdae-8525cae2c470','2ca4be37-5633-4c72-9245-deabdd0c033d','930d4337-2d83-40d4-9d8b-7e870aef961c','227240d8-0094-47e2-9313-9e30870b478a')
[01:04:33.715] INFO  🔵 SQL | 0 ms | select * from `expense_dev`.`users` where 1=0
[01:04:33.719] INFO  🔵 SQL | 0 ms | select * from `expense_dev`.`category` where 1=0
[01:06:46.618] INFO  🔵 SQL | 0 ms | select u1_0.id,u1_0.created_at,u1_0.email,u1_0.income_limit,u1_0.name,u1_0.password,u1_0.role from users u1_0 where u1_0.email='test@gmail.com'
[01:06:46.618] INFO  
[01:06:46.618] INFO  ⚪ RESULTSET | 1 = '199def9b-e516-43e0-b02b-f1aad32a813e', 2 = '2025-09-23T23:05:18.946+0530', 3 = 'test@gmail.com', 4 = 20000.00, 5 = 'test', 6 = '$2a$10$pbpBn4kewHuyTDekSPkE.ulxs3ktp7PpR3x.BpdEsdR8yXeHKfaEq', 7 = 'USER'
[01:06:46.676] INFO  🔵 SQL | 0 ms | select c1_0.id,c1_0.category_name,c1_0.created_at,c1_0.user_id from category c1_0 where c1_0.id='513f14b5-c094-4668-aea8-ce041711fbf1' and c1_0.user_id='199def9b-e516-43e0-b02b-f1aad32a813e'
[01:07:03.710] INFO  🔵 SQL | 0 ms | select u1_0.id,u1_0.created_at,u1_0.email,u1_0.income_limit,u1_0.name,u1_0.password,u1_0.role from users u1_0 where u1_0.email='test@gmail.com'
[01:07:03.712] INFO  
[01:07:03.712] INFO  ⚪ RESULTSET | 1 = '199def9b-e516-43e0-b02b-f1aad32a813e', 2 = '2025-09-23T23:05:18.946+0530', 3 = 'test@gmail.com', 4 = 20000.00, 5 = 'test', 6 = '$2a$10$pbpBn4kewHuyTDekSPkE.ulxs3ktp7PpR3x.BpdEsdR8yXeHKfaEq', 7 = 'USER'
[01:07:03.717] INFO  🔵 SQL | 0 ms | select c1_0.id,c1_0.category_name,c1_0.created_at,c1_0.user_id from category c1_0 where c1_0.id='2ca4be37-5633-4c72-9245-deabdd0c033d' and c1_0.user_id='199def9b-e516-43e0-b02b-f1aad32a813e'
[01:07:03.719] INFO  
[01:07:03.722] INFO  ⚪ RESULTSET | 1 = '2ca4be37-5633-4c72-9245-deabdd0c033d', 4 = '199def9b-e516-43e0-b02b-f1aad32a813e', 2 = 'food', 3 = '2025-09-23T23:11:24.702+0530'
[01:07:03.753] INFO  🔵 SQL | 3 ms | insert into expenses (amount,category_id,created_at,description,expense_date_time,id) values (20.56,'2ca4be37-5633-4c72-9245-deabdd0c033d','2025-09-24T01:07:03.730+0530','dahi','2025-09-24T01:07:03.722+0530','52840655-29ab-4a83-822e-3aae3b989ea6')
[01:07:15.959] INFO  🔵 SQL | 0 ms | select u1_0.id,u1_0.created_at,u1_0.email,u1_0.income_limit,u1_0.name,u1_0.password,u1_0.role from users u1_0 where u1_0.email='test@gmail.com'
[01:07:15.960] INFO  
[01:07:15.960] INFO  ⚪ RESULTSET | 1 = '199def9b-e516-43e0-b02b-f1aad32a813e', 2 = '2025-09-23T23:05:18.946+0530', 3 = 'test@gmail.com', 4 = 20000.00, 5 = 'test', 6 = '$2a$10$pbpBn4kewHuyTDekSPkE.ulxs3ktp7PpR3x.BpdEsdR8yXeHKfaEq', 7 = 'USER'
[01:07:15.968] INFO  🔵 SQL | 1 ms | select c1_0.id from category c1_0 where c1_0.user_id='199def9b-e516-43e0-b02b-f1aad32a813e'
[01:07:15.968] INFO  
[01:07:15.968] INFO  ⚪ RESULTSET | 1 = '06a0ea7e-0630-487a-be83-0470e316c5b1'
[01:07:15.968] INFO  
[01:07:15.968] INFO  ⚪ RESULTSET | 1 = '37369cbc-e229-4c5e-939f-df825ba8399d'
[01:07:15.968] INFO  
[01:07:15.968] INFO  ⚪ RESULTSET | 1 = 'c61198f1-c467-466c-bdae-8525cae2c470'
[01:07:15.968] INFO  
[01:07:15.968] INFO  ⚪ RESULTSET | 1 = '2ca4be37-5633-4c72-9245-deabdd0c033d'
[01:07:15.968] INFO  
[01:07:15.968] INFO  ⚪ RESULTSET | 1 = '930d4337-2d83-40d4-9d8b-7e870aef961c'
[01:07:15.968] INFO  
[01:07:15.968] INFO  ⚪ RESULTSET | 1 = '227240d8-0094-47e2-9313-9e30870b478a'
[01:07:15.971] INFO  🔵 SQL | 0 ms | select e1_0.id,e1_0.amount,e1_0.category_id,e1_0.created_at,e1_0.description,e1_0.expense_date_time from expenses e1_0 where e1_0.category_id in ('06a0ea7e-0630-487a-be83-0470e316c5b1','37369cbc-e229-4c5e-939f-df825ba8399d','c61198f1-c467-466c-bdae-8525cae2c470','2ca4be37-5633-4c72-9245-deabdd0c033d','930d4337-2d83-40d4-9d8b-7e870aef961c','227240d8-0094-47e2-9313-9e30870b478a')
[01:07:15.971] INFO  
[01:07:15.972] INFO  ⚪ RESULTSET | 1 = '52840655-29ab-4a83-822e-3aae3b989ea6', 3 = '2ca4be37-5633-4c72-9245-deabdd0c033d', 2 = 20.56, 4 = '2025-09-24T01:07:03.730+0530', 5 = 'dahi', 6 = '2025-09-24T01:07:03.722+0530'
[01:36:12.465] INFO  🔵 SQL | 0 ms | select * from `expense_dev`.`users` where 1=0
[01:36:12.471] INFO  🔵 SQL | 0 ms | select * from `expense_dev`.`category` where 1=0
[01:36:14.651] INFO  🔵 SQL | 0 ms | select * from `expense_dev`.`users` where 1=0
[01:36:14.655] INFO  🔵 SQL | 0 ms | select * from `expense_dev`.`category` where 1=0
[01:36:44.560] INFO  🔵 SQL | 0 ms | select * from `expense_dev`.`users` where 1=0
[01:36:44.566] INFO  🔵 SQL | 0 ms | select * from `expense_dev`.`category` where 1=0
[01:37:40.347] INFO  🔵 SQL | 2 ms | select * from `expense_dev`.`users` where 1=0
[01:37:40.356] INFO  🔵 SQL | 0 ms | select * from `expense_dev`.`category` where 1=0
[01:40:40.626] INFO  🔵 SQL | 2 ms | select * from `expense_dev`.`users` where 1=0
[01:40:40.634] INFO  🔵 SQL | 0 ms | select * from `expense_dev`.`category` where 1=0
[01:41:43.437] INFO  🔵 SQL | 4 ms | select * from `expense_dev`.`users` where 1=0
[01:41:43.446] INFO  🔵 SQL | 0 ms | select * from `expense_dev`.`category` where 1=0
[01:48:14.830] INFO  🔵 SQL | 3 ms | select * from `expense_dev`.`users` where 1=0
[01:48:14.842] INFO  🔵 SQL | 0 ms | select * from `expense_dev`.`category` where 1=0
[01:49:50.401] INFO  🔵 SQL | 6 ms | select * from `expense_dev`.`users` where 1=0
[01:49:50.418] INFO  🔵 SQL | 1 ms | select * from `expense_dev`.`category` where 1=0
[01:50:31.737] INFO  🔵 SQL | 2 ms | select * from `expense_dev`.`users` where 1=0
[01:50:31.748] INFO  🔵 SQL | 0 ms | select * from `expense_dev`.`category` where 1=0
[01:50:56.045] INFO  🔵 SQL | 2 ms | select * from `expense_dev`.`users` where 1=0
[01:50:56.060] INFO  🔵 SQL | 0 ms | select * from `expense_dev`.`category` where 1=0
[01:55:29.175] INFO  🔵 SQL | 5 ms | select * from `expense_dev`.`users` where 1=0
[01:55:29.188] INFO  🔵 SQL | 0 ms | select * from `expense_dev`.`category` where 1=0
[01:57:39.416] INFO  🔵 SQL | 2 ms | select * from `expense_dev`.`users` where 1=0
[01:57:39.425] INFO  🔵 SQL | 0 ms | select * from `expense_dev`.`category` where 1=0
[01:58:01.855] INFO  🔵 SQL | 1 ms | select u1_0.id,u1_0.created_at,u1_0.email,u1_0.income_limit,u1_0.name,u1_0.password,u1_0.role from users u1_0 where u1_0.email='test@gmail.com'
[01:58:01.864] INFO  
[01:58:01.875] INFO  ⚪ RESULTSET | 1 = '199def9b-e516-43e0-b02b-f1aad32a813e', 2 = '2025-09-23T23:05:18.946+0530', 3 = 'test@gmail.com', 4 = 20000.00, 5 = 'test', 6 = '$2a$10$pbpBn4kewHuyTDekSPkE.ulxs3ktp7PpR3x.BpdEsdR8yXeHKfaEq', 7 = 'USER'
[01:58:01.920] INFO  🔵 SQL | 0 ms | select c1_0.id from category c1_0 where c1_0.user_id='199def9b-e516-43e0-b02b-f1aad32a813e'
[01:58:01.923] INFO  
[01:58:01.923] INFO  ⚪ RESULTSET | 1 = '06a0ea7e-0630-487a-be83-0470e316c5b1'
[01:58:01.923] INFO  
[01:58:01.923] INFO  ⚪ RESULTSET | 1 = '37369cbc-e229-4c5e-939f-df825ba8399d'
[01:58:01.923] INFO  
[01:58:01.923] INFO  ⚪ RESULTSET | 1 = 'c61198f1-c467-466c-bdae-8525cae2c470'
[01:58:01.923] INFO  
[01:58:01.923] INFO  ⚪ RESULTSET | 1 = '2ca4be37-5633-4c72-9245-deabdd0c033d'
[01:58:01.923] INFO  
[01:58:01.923] INFO  ⚪ RESULTSET | 1 = '930d4337-2d83-40d4-9d8b-7e870aef961c'
[01:58:01.923] INFO  
[01:58:01.923] INFO  ⚪ RESULTSET | 1 = '227240d8-0094-47e2-9313-9e30870b478a'
[01:58:01.924] INFO  🔵 SQL | 1 ms | select e1_0.id,e1_0.amount,e1_0.category_id,e1_0.created_at,e1_0.description,e1_0.expense_date_time from expenses e1_0 where e1_0.category_id in ('06a0ea7e-0630-487a-be83-0470e316c5b1','37369cbc-e229-4c5e-939f-df825ba8399d','c61198f1-c467-466c-bdae-8525cae2c470','2ca4be37-5633-4c72-9245-deabdd0c033d','930d4337-2d83-40d4-9d8b-7e870aef961c','227240d8-0094-47e2-9313-9e30870b478a')
[01:58:01.924] INFO  
[01:58:01.934] INFO  ⚪ RESULTSET | 1 = '52840655-29ab-4a83-822e-3aae3b989ea6', 3 = '2ca4be37-5633-4c72-9245-deabdd0c033d', 2 = 20.56, 4 = '2025-09-24T01:07:03.730+0530', 5 = 'dahi', 6 = '2025-09-24T01:07:03.722+0530'
[01:58:06.351] INFO  🔵 SQL | 0 ms | select u1_0.id,u1_0.created_at,u1_0.email,u1_0.income_limit,u1_0.name,u1_0.password,u1_0.role from users u1_0 where u1_0.email='test@gmail.com'
[01:58:06.351] INFO  
[01:58:06.352] INFO  ⚪ RESULTSET | 1 = '199def9b-e516-43e0-b02b-f1aad32a813e', 2 = '2025-09-23T23:05:18.946+0530', 3 = 'test@gmail.com', 4 = 20000.00, 5 = 'test', 6 = '$2a$10$pbpBn4kewHuyTDekSPkE.ulxs3ktp7PpR3x.BpdEsdR8yXeHKfaEq', 7 = 'USER'
[01:58:06.360] INFO  🔵 SQL | 1 ms | select c1_0.id from category c1_0 where c1_0.user_id='199def9b-e516-43e0-b02b-f1aad32a813e'
[01:58:06.360] INFO  
[01:58:06.360] INFO  ⚪ RESULTSET | 1 = '06a0ea7e-0630-487a-be83-0470e316c5b1'
[01:58:06.360] INFO  
[01:58:06.360] INFO  ⚪ RESULTSET | 1 = '37369cbc-e229-4c5e-939f-df825ba8399d'
[01:58:06.360] INFO  
[01:58:06.360] INFO  ⚪ RESULTSET | 1 = 'c61198f1-c467-466c-bdae-8525cae2c470'
[01:58:06.361] INFO  
[01:58:06.361] INFO  ⚪ RESULTSET | 1 = '2ca4be37-5633-4c72-9245-deabdd0c033d'
[01:58:06.361] INFO  
[01:58:06.361] INFO  ⚪ RESULTSET | 1 = '930d4337-2d83-40d4-9d8b-7e870aef961c'
[01:58:06.361] INFO  
[01:58:06.361] INFO  ⚪ RESULTSET | 1 = '227240d8-0094-47e2-9313-9e30870b478a'
[01:58:06.364] INFO  🔵 SQL | 0 ms | select e1_0.id,e1_0.amount,e1_0.category_id,e1_0.created_at,e1_0.description,e1_0.expense_date_time from expenses e1_0 where e1_0.category_id in ('06a0ea7e-0630-487a-be83-0470e316c5b1','37369cbc-e229-4c5e-939f-df825ba8399d','c61198f1-c467-466c-bdae-8525cae2c470','2ca4be37-5633-4c72-9245-deabdd0c033d','930d4337-2d83-40d4-9d8b-7e870aef961c','227240d8-0094-47e2-9313-9e30870b478a')
[01:58:06.364] INFO  
[01:58:06.365] INFO  ⚪ RESULTSET | 1 = '52840655-29ab-4a83-822e-3aae3b989ea6', 3 = '2ca4be37-5633-4c72-9245-deabdd0c033d', 2 = 20.56, 4 = '2025-09-24T01:07:03.730+0530', 5 = 'dahi', 6 = '2025-09-24T01:07:03.722+0530'
[01:58:38.673] INFO  🔵 SQL | 0 ms | select u1_0.id,u1_0.created_at,u1_0.email,u1_0.income_limit,u1_0.name,u1_0.password,u1_0.role from users u1_0 where u1_0.email='test@gmail.com'
[01:58:38.673] INFO  
[01:58:38.674] INFO  ⚪ RESULTSET | 1 = '199def9b-e516-43e0-b02b-f1aad32a813e', 2 = '2025-09-23T23:05:18.946+0530', 3 = 'test@gmail.com', 4 = 20000.00, 5 = 'test', 6 = '$2a$10$pbpBn4kewHuyTDekSPkE.ulxs3ktp7PpR3x.BpdEsdR8yXeHKfaEq', 7 = 'USER'
[01:58:38.693] INFO  🔵 SQL | 1 ms | select e1_0.id,e1_0.description,e1_0.amount,e1_0.expense_date_time,c1_0.id,c1_0.category_name from expenses e1_0 join category c1_0 on c1_0.id=e1_0.category_id where c1_0.user_id='199def9b-e516-43e0-b02b-f1aad32a813e'
[01:58:38.694] INFO  
[01:58:38.695] INFO  ⚪ RESULTSET | 1 = '52840655-29ab-4a83-822e-3aae3b989ea6', 2 = 'dahi', 3 = 20.56, 4 = '2025-09-24T01:07:03.722+0530', 5 = '2ca4be37-5633-4c72-9245-deabdd0c033d', 6 = 'food'
[01:59:39.373] INFO  🔵 SQL | 1 ms | select * from `expense_dev`.`users` where 1=0
[01:59:39.373] INFO  🔵 SQL | 0 ms | select * from `expense_dev`.`category` where 1=0
[01:59:46.960] INFO  🔵 SQL | 1 ms | select u1_0.id,u1_0.created_at,u1_0.email,u1_0.income_limit,u1_0.name,u1_0.password,u1_0.role from users u1_0 where u1_0.email='test@gmail.com'
[01:59:46.973] INFO  
[01:59:46.986] INFO  ⚪ RESULTSET | 1 = '199def9b-e516-43e0-b02b-f1aad32a813e', 2 = '2025-09-23T23:05:18.946+0530', 3 = 'test@gmail.com', 4 = 20000.00, 5 = 'test', 6 = '$2a$10$pbpBn4kewHuyTDekSPkE.ulxs3ktp7PpR3x.BpdEsdR8yXeHKfaEq', 7 = 'USER'
[01:59:47.044] INFO  🔵 SQL | 1 ms | select e1_0.id,e1_0.description,e1_0.amount,e1_0.expense_date_time,c1_0.id,c1_0.category_name from expenses e1_0 join category c1_0 on c1_0.id=e1_0.category_id where c1_0.user_id='199def9b-e516-43e0-b02b-f1aad32a813e'
[01:59:47.048] INFO  
[01:59:47.048] INFO  ⚪ RESULTSET | 1 = '52840655-29ab-4a83-822e-3aae3b989ea6', 2 = 'dahi', 3 = 20.56, 4 = '2025-09-24T01:07:03.722+0530', 5 = '2ca4be37-5633-4c72-9245-deabdd0c033d', 6 = 'food'
[01:59:57.362] INFO  🔵 SQL | 4 ms | select * from `expense_dev`.`users` where 1=0
[01:59:57.375] INFO  🔵 SQL | 0 ms | select * from `expense_dev`.`category` where 1=0
[02:00:02.376] INFO  🔵 SQL | 0 ms | select u1_0.id,u1_0.created_at,u1_0.email,u1_0.income_limit,u1_0.name,u1_0.password,u1_0.role from users u1_0 where u1_0.email='test@gmail.com'
[02:00:02.390] INFO  
[02:00:02.400] INFO  ⚪ RESULTSET | 1 = '199def9b-e516-43e0-b02b-f1aad32a813e', 2 = '2025-09-23T23:05:18.946+0530', 3 = 'test@gmail.com', 4 = 20000.00, 5 = 'test', 6 = '$2a$10$pbpBn4kewHuyTDekSPkE.ulxs3ktp7PpR3x.BpdEsdR8yXeHKfaEq', 7 = 'USER'
[02:00:02.451] INFO  🔵 SQL | 1 ms | select e1_0.id,e1_0.description,e1_0.amount,e1_0.expense_date_time,c1_0.id,c1_0.category_name from expenses e1_0 join category c1_0 on c1_0.id=e1_0.category_id where c1_0.user_id='199def9b-e516-43e0-b02b-f1aad32a813e'
[02:00:02.454] INFO  
[02:00:02.454] INFO  ⚪ RESULTSET | 1 = '52840655-29ab-4a83-822e-3aae3b989ea6', 2 = 'dahi', 3 = 20.56, 4 = '2025-09-24T01:07:03.722+0530', 5 = '2ca4be37-5633-4c72-9245-deabdd0c033d', 6 = 'food'
[02:00:17.241] INFO  🔵 SQL | 3 ms | select * from `expense_dev`.`users` where 1=0
[02:00:17.249] INFO  🔵 SQL | 0 ms | select * from `expense_dev`.`category` where 1=0
[02:00:26.948] INFO  🔵 SQL | 0 ms | select u1_0.id,u1_0.created_at,u1_0.email,u1_0.income_limit,u1_0.name,u1_0.password,u1_0.role from users u1_0 where u1_0.email='test@gmail.com'
[02:00:26.962] INFO  
[02:00:26.970] INFO  ⚪ RESULTSET | 1 = '199def9b-e516-43e0-b02b-f1aad32a813e', 2 = '2025-09-23T23:05:18.946+0530', 3 = 'test@gmail.com', 4 = 20000.00, 5 = 'test', 6 = '$2a$10$pbpBn4kewHuyTDekSPkE.ulxs3ktp7PpR3x.BpdEsdR8yXeHKfaEq', 7 = 'USER'
[02:00:27.021] INFO  🔵 SQL | 0 ms | select e1_0.id,e1_0.description,e1_0.amount,e1_0.expense_date_time,c1_0.id,c1_0.category_name from expenses e1_0 join category c1_0 on c1_0.id=e1_0.category_id where c1_0.user_id='199def9b-e516-43e0-b02b-f1aad32a813e'
[02:00:27.022] INFO  
[02:00:27.023] INFO  ⚪ RESULTSET | 1 = '52840655-29ab-4a83-822e-3aae3b989ea6', 2 = 'dahi', 3 = 20.56, 4 = '2025-09-24T01:07:03.722+0530', 5 = '2ca4be37-5633-4c72-9245-deabdd0c033d', 6 = 'food'
[02:02:28.063] INFO  🔵 SQL | 2 ms | select * from `expense_dev`.`users` where 1=0
[02:02:28.072] INFO  🔵 SQL | 0 ms | select * from `expense_dev`.`category` where 1=0
[02:02:45.543] INFO  🔵 SQL | 0 ms | select u1_0.id,u1_0.created_at,u1_0.email,u1_0.income_limit,u1_0.name,u1_0.password,u1_0.role from users u1_0 where u1_0.email='test@gmail.com'
[02:02:45.555] INFO  
[02:02:45.565] INFO  ⚪ RESULTSET | 1 = '199def9b-e516-43e0-b02b-f1aad32a813e', 2 = '2025-09-23T23:05:18.946+0530', 3 = 'test@gmail.com', 4 = 20000.00, 5 = 'test', 6 = '$2a$10$pbpBn4kewHuyTDekSPkE.ulxs3ktp7PpR3x.BpdEsdR8yXeHKfaEq', 7 = 'USER'
[02:02:45.606] INFO  🔵 SQL | 0 ms | select c1_0.id from category c1_0 where c1_0.user_id='199def9b-e516-43e0-b02b-f1aad32a813e'
[02:02:45.606] INFO  
[02:02:45.607] INFO  ⚪ RESULTSET | 1 = '06a0ea7e-0630-487a-be83-0470e316c5b1'
[02:02:45.607] INFO  
[02:02:45.607] INFO  ⚪ RESULTSET | 1 = '37369cbc-e229-4c5e-939f-df825ba8399d'
[02:02:45.607] INFO  
[02:02:45.607] INFO  ⚪ RESULTSET | 1 = 'c61198f1-c467-466c-bdae-8525cae2c470'
[02:02:45.607] INFO  
[02:02:45.607] INFO  ⚪ RESULTSET | 1 = '2ca4be37-5633-4c72-9245-deabdd0c033d'
[02:02:45.607] INFO  
[02:02:45.607] INFO  ⚪ RESULTSET | 1 = '930d4337-2d83-40d4-9d8b-7e870aef961c'
[02:02:45.607] INFO  
[02:02:45.607] INFO  ⚪ RESULTSET | 1 = '227240d8-0094-47e2-9313-9e30870b478a'
[02:02:45.612] INFO  🔵 SQL | 0 ms | select e1_0.id,e1_0.amount,e1_0.category_id,e1_0.created_at,e1_0.description,e1_0.expense_date_time from expenses e1_0 where e1_0.category_id in ('06a0ea7e-0630-487a-be83-0470e316c5b1','37369cbc-e229-4c5e-939f-df825ba8399d','c61198f1-c467-466c-bdae-8525cae2c470','2ca4be37-5633-4c72-9245-deabdd0c033d','930d4337-2d83-40d4-9d8b-7e870aef961c','227240d8-0094-47e2-9313-9e30870b478a')
[02:02:45.614] INFO  
[02:02:45.618] INFO  ⚪ RESULTSET | 1 = '52840655-29ab-4a83-822e-3aae3b989ea6', 3 = '2ca4be37-5633-4c72-9245-deabdd0c033d', 2 = 20.56, 4 = '2025-09-24T01:07:03.730+0530', 5 = 'dahi', 6 = '2025-09-24T01:07:03.722+0530'
[02:02:53.262] INFO  🔵 SQL | 0 ms | select u1_0.id,u1_0.created_at,u1_0.email,u1_0.income_limit,u1_0.name,u1_0.password,u1_0.role from users u1_0 where u1_0.email='test@gmail.com'
[02:02:53.262] INFO  
[02:02:53.263] INFO  ⚪ RESULTSET | 1 = '199def9b-e516-43e0-b02b-f1aad32a813e', 2 = '2025-09-23T23:05:18.946+0530', 3 = 'test@gmail.com', 4 = 20000.00, 5 = 'test', 6 = '$2a$10$pbpBn4kewHuyTDekSPkE.ulxs3ktp7PpR3x.BpdEsdR8yXeHKfaEq', 7 = 'USER'
[02:02:53.276] INFO  🔵 SQL | 1 ms | select e1_0.id,e1_0.description,e1_0.amount,e1_0.expense_date_time,c1_0.id,c1_0.category_name from expenses e1_0 join category c1_0 on c1_0.id=e1_0.category_id where c1_0.user_id='199def9b-e516-43e0-b02b-f1aad32a813e'
[02:02:53.280] INFO  
[02:02:53.280] INFO  ⚪ RESULTSET | 1 = '52840655-29ab-4a83-822e-3aae3b989ea6', 2 = 'dahi', 3 = 20.56, 4 = '2025-09-24T01:07:03.722+0530', 5 = '2ca4be37-5633-4c72-9245-deabdd0c033d', 6 = 'food'
[02:03:14.905] INFO  🔵 SQL | 5 ms | select * from `expense_dev`.`users` where 1=0
[02:03:14.913] INFO  🔵 SQL | 0 ms | select * from `expense_dev`.`category` where 1=0
[02:03:20.594] INFO  🔵 SQL | 0 ms | select u1_0.id,u1_0.created_at,u1_0.email,u1_0.income_limit,u1_0.name,u1_0.password,u1_0.role from users u1_0 where u1_0.email='test@gmail.com'
[02:03:20.609] INFO  
[02:03:20.619] INFO  ⚪ RESULTSET | 1 = '199def9b-e516-43e0-b02b-f1aad32a813e', 2 = '2025-09-23T23:05:18.946+0530', 3 = 'test@gmail.com', 4 = 20000.00, 5 = 'test', 6 = '$2a$10$pbpBn4kewHuyTDekSPkE.ulxs3ktp7PpR3x.BpdEsdR8yXeHKfaEq', 7 = 'USER'
[02:03:20.684] INFO  🔵 SQL | 1 ms | select e1_0.id,e1_0.description,e1_0.amount,e1_0.expense_date_time,c1_0.id,c1_0.category_name from expenses e1_0 join category c1_0 on c1_0.id=e1_0.category_id where c1_0.user_id='199def9b-e516-43e0-b02b-f1aad32a813e'
[02:03:20.685] INFO  
[02:03:20.686] INFO  ⚪ RESULTSET | 1 = '52840655-29ab-4a83-822e-3aae3b989ea6', 2 = 'dahi', 3 = 20.56, 4 = '2025-09-24T01:07:03.722+0530', 5 = '2ca4be37-5633-4c72-9245-deabdd0c033d', 6 = 'food'
[02:16:15.350] INFO  🔵 SQL | 0 ms | select * from `expense_dev`.`users` where 1=0
[02:16:15.358] INFO  🔵 SQL | 0 ms | select * from `expense_dev`.`category` where 1=0
[02:18:19.936] INFO  🔵 SQL | 0 ms | select * from `expense_dev`.`users` where 1=0
[02:18:19.939] INFO  🔵 SQL | 0 ms | select * from `expense_dev`.`category` where 1=0
[02:19:26.873] INFO  🔵 SQL | 0 ms | select * from `expense_dev`.`users` where 1=0
[02:19:26.877] INFO  🔵 SQL | 0 ms | select * from `expense_dev`.`category` where 1=0
[02:19:28.778] INFO  🔵 SQL | 0 ms | select * from `expense_dev`.`users` where 1=0
[02:19:28.784] INFO  🔵 SQL | 0 ms | select * from `expense_dev`.`category` where 1=0
[02:19:50.150] INFO  🔵 SQL | 0 ms | select * from `expense_dev`.`users` where 1=0
[02:19:50.156] INFO  🔵 SQL | 0 ms | select * from `expense_dev`.`category` where 1=0
[02:19:52.013] INFO  🔵 SQL | 0 ms | select * from `expense_dev`.`users` where 1=0
[02:19:52.018] INFO  🔵 SQL | 0 ms | select * from `expense_dev`.`category` where 1=0
[02:21:44.689] INFO  🔵 SQL | 0 ms | select u1_0.id,u1_0.created_at,u1_0.email,u1_0.income_limit,u1_0.name,u1_0.password,u1_0.role from users u1_0 where u1_0.email='test@gmail.com'
[02:21:44.689] INFO  
[02:21:44.690] INFO  ⚪ RESULTSET | 1 = '199def9b-e516-43e0-b02b-f1aad32a813e', 2 = '2025-09-23T23:05:18.946+0530', 3 = 'test@gmail.com', 4 = 20000.00, 5 = 'test', 6 = '$2a$10$pbpBn4kewHuyTDekSPkE.ulxs3ktp7PpR3x.BpdEsdR8yXeHKfaEq', 7 = 'USER'
[02:21:44.704] INFO  🔵 SQL | 1 ms | select distinct c1_0.id,c1_0.category_name,c1_0.created_at,e1_0.category_id,e1_0.id,e1_0.amount,e1_0.created_at,e1_0.description,e1_0.expense_date_time,c1_0.user_id from category c1_0 left join expenses e1_0 on c1_0.id=e1_0.category_id where c1_0.user_id='199def9b-e516-43e0-b02b-f1aad32a813e'
[02:21:44.706] INFO  
[02:21:44.710] INFO  ⚪ RESULTSET | 1 = '06a0ea7e-0630-487a-be83-0470e316c5b1', 4 = NULL, 10 = '199def9b-e516-43e0-b02b-f1aad32a813e', 2 = 'check', 3 = '2025-09-23T23:37:57.610+0530'
[02:21:44.710] INFO  
[02:21:44.710] INFO  ⚪ RESULTSET | 1 = '37369cbc-e229-4c5e-939f-df825ba8399d', 4 = NULL, 10 = '199def9b-e516-43e0-b02b-f1aad32a813e', 2 = 'clothes', 3 = '2025-09-23T23:20:54.774+0530'
[02:21:44.710] INFO  
[02:21:44.710] INFO  ⚪ RESULTSET | 1 = 'c61198f1-c467-466c-bdae-8525cae2c470', 4 = NULL, 10 = '199def9b-e516-43e0-b02b-f1aad32a813e', 2 = 'dummy', 3 = '2025-09-23T23:25:02.774+0530'
[02:21:44.710] INFO  
[02:21:44.711] INFO  ⚪ RESULTSET | 1 = '2ca4be37-5633-4c72-9245-deabdd0c033d', 4 = '2ca4be37-5633-4c72-9245-deabdd0c033d', 5 = '52840655-29ab-4a83-822e-3aae3b989ea6', 10 = '199def9b-e516-43e0-b02b-f1aad32a813e', 6 = 20.56, 7 = '2025-09-24T01:07:03.730+0530', 8 = 'dahi', 9 = '2025-09-24T01:07:03.722+0530', 2 = 'food', 3 = '2025-09-23T23:11:24.702+0530'
[02:21:44.711] INFO  
[02:21:44.711] INFO  ⚪ RESULTSET | 1 = '930d4337-2d83-40d4-9d8b-7e870aef961c', 4 = NULL, 10 = '199def9b-e516-43e0-b02b-f1aad32a813e', 2 = 'other', 3 = '2025-09-23T23:53:06.691+0530'
[02:21:44.711] INFO  
[02:21:44.711] INFO  ⚪ RESULTSET | 1 = '227240d8-0094-47e2-9313-9e30870b478a', 4 = NULL, 10 = '199def9b-e516-43e0-b02b-f1aad32a813e', 2 = 'trip', 3 = '2025-09-23T23:13:06.368+0530'
[02:24:14.215] INFO  🔵 SQL | 0 ms | select u1_0.id,u1_0.created_at,u1_0.email,u1_0.income_limit,u1_0.name,u1_0.password,u1_0.role from users u1_0 where u1_0.email='test@gmail.com'
[02:24:14.215] INFO  
[02:24:14.216] INFO  ⚪ RESULTSET | 1 = '199def9b-e516-43e0-b02b-f1aad32a813e', 2 = '2025-09-23T23:05:18.946+0530', 3 = 'test@gmail.com', 4 = 20000.00, 5 = 'test', 6 = '$2a$10$pbpBn4kewHuyTDekSPkE.ulxs3ktp7PpR3x.BpdEsdR8yXeHKfaEq', 7 = 'USER'
[02:24:14.220] INFO  🔵 SQL | 0 ms | select distinct c1_0.id,c1_0.category_name,c1_0.created_at,e1_0.category_id,e1_0.id,e1_0.amount,e1_0.created_at,e1_0.description,e1_0.expense_date_time,c1_0.user_id from category c1_0 left join expenses e1_0 on c1_0.id=e1_0.category_id where c1_0.user_id='199def9b-e516-43e0-b02b-f1aad32a813e'
[02:24:14.220] INFO  
[02:24:14.220] INFO  ⚪ RESULTSET | 1 = '06a0ea7e-0630-487a-be83-0470e316c5b1', 4 = NULL, 10 = '199def9b-e516-43e0-b02b-f1aad32a813e', 2 = 'check', 3 = '2025-09-23T23:37:57.610+0530'
[02:24:14.220] INFO  
[02:24:14.220] INFO  ⚪ RESULTSET | 1 = '37369cbc-e229-4c5e-939f-df825ba8399d', 4 = NULL, 10 = '199def9b-e516-43e0-b02b-f1aad32a813e', 2 = 'clothes', 3 = '2025-09-23T23:20:54.774+0530'
[02:24:14.220] INFO  
[02:24:14.220] INFO  ⚪ RESULTSET | 1 = 'c61198f1-c467-466c-bdae-8525cae2c470', 4 = NULL, 10 = '199def9b-e516-43e0-b02b-f1aad32a813e', 2 = 'dummy', 3 = '2025-09-23T23:25:02.774+0530'
[02:24:14.220] INFO  
[02:24:14.220] INFO  ⚪ RESULTSET | 1 = '2ca4be37-5633-4c72-9245-deabdd0c033d', 4 = '2ca4be37-5633-4c72-9245-deabdd0c033d', 5 = '52840655-29ab-4a83-822e-3aae3b989ea6', 10 = '199def9b-e516-43e0-b02b-f1aad32a813e', 6 = 20.56, 7 = '2025-09-24T01:07:03.730+0530', 8 = 'dahi', 9 = '2025-09-24T01:07:03.722+0530', 2 = 'food', 3 = '2025-09-23T23:11:24.702+0530'
[02:24:14.220] INFO  
[02:24:14.220] INFO  ⚪ RESULTSET | 1 = '930d4337-2d83-40d4-9d8b-7e870aef961c', 4 = NULL, 10 = '199def9b-e516-43e0-b02b-f1aad32a813e', 2 = 'other', 3 = '2025-09-23T23:53:06.691+0530'
[02:24:14.220] INFO  
[02:24:14.220] INFO  ⚪ RESULTSET | 1 = '227240d8-0094-47e2-9313-9e30870b478a', 4 = NULL, 10 = '199def9b-e516-43e0-b02b-f1aad32a813e', 2 = 'trip', 3 = '2025-09-23T23:13:06.368+0530'
